<?xml version="1.0" encoding="UTF-8"?>
<!-- Generated by org.testng.reporters.JUnitXMLReporter -->
<testsuite ignored="0" hostname="PERU-METO" failures="2" tests="4" name="Customer Test" time="299.214" errors="0" timestamp="2023-12-19T12:56:26 COT">
  <testcase classname="org.meto.appium.tests.TFCustomer" name="Customer" time="153.816"/>
  <testcase classname="org.meto.appium.tests.TFCustomer" name="Domicilio" time="128.953"/>
  <testcase classname="org.meto.appium.tests.TFCustomer" name="InfComplementaria" time="1.029">
    <failure type="org.openqa.selenium.WebDriverException" message="An unknown server-side error occurred while processing the command. Original error: &amp;apos;POST /element&amp;apos; cannot be proxied to UiAutomator2 server because the instrumentation process is not running (probably crashed). Check the server log and/or the logcat output for more details
Build info: version: &amp;apos;4.16.1&amp;apos;, revision: &amp;apos;9b4c83354e&amp;apos;
System info: os.name: &amp;apos;Windows 11&amp;apos;, os.arch: &amp;apos;amd64&amp;apos;, os.version: &amp;apos;10.0&amp;apos;, java.version: &amp;apos;11.0.17&amp;apos;
Driver info: io.appium.java_client.android.AndroidDriver
Command: [f0d75456-8e3e-462a-bf42-77e42a4206ca, findElement {using=xpath, value=//android.widget.AutoCompleteTextView[@text=&amp;apos;¿La casa que habita es?&amp;apos;]}]
Capabilities {appium:app: C:\prueba\AppiumFrameworkSu..., appium:appPackage: pe.com.surgir.surgirapp, appium:appWaitActivity: .ui.login.LoginActivity,.ui..., appium:automationName: UiAutomator2, appium:browserstack.networkLogs: true, appium:chromedriverExecutable: C:\prueba\AppiumFrameworkSu..., appium:databaseEnabled: false, appium:desired: {app: C:\prueba\AppiumFrameworkSu..., appWaitActivity: .ui.login.LoginActivity,.ui..., automationName: UiAutomator2, browserstack.networkLogs: true, chromedriverExecutable: C:\prueba\AppiumFrameworkSu..., deviceName: samsung SM-T575, enableMultiWindows: true, ignoreHiddenApiPolicyError: true, noReset: false, platformName: ANDROID, udid: RX2RB00S4HN}, appium:deviceApiLevel: 33, appium:deviceManufacturer: samsung, appium:deviceModel: SM-T575, appium:deviceName: RX2RB00S4HN, appium:deviceScreenDensity: 320, appium:deviceScreenSize: 1200x1920, appium:deviceUDID: RX2RB00S4HN, appium:enableMultiWindows: true, appium:ignoreHiddenApiPolicyError: true, appium:javascriptEnabled: true, appium:locationContextEnabled: false, appium:networkConnectionEnabled: true, appium:noReset: false, appium:pixelRatio: 2, appium:platformVersion: 13, appium:statBarHeight: 48, appium:takesScreenshot: true, appium:udid: RX2RB00S4HN, appium:viewportRect: {height: 1872, left: 0, top: 48, width: 1200}, appium:warnings: {}, appium:webStorageEnabled: false, platformName: ANDROID}
Session ID: f0d75456-8e3e-462a-bf42-77e42a4206ca">
      <![CDATA[org.openqa.selenium.WebDriverException: An unknown server-side error occurred while processing the command. Original error: 'POST /element' cannot be proxied to UiAutomator2 server because the instrumentation process is not running (probably crashed). Check the server log and/or the logcat output for more details
Build info: version: '4.16.1', revision: '9b4c83354e'
System info: os.name: 'Windows 11', os.arch: 'amd64', os.version: '10.0', java.version: '11.0.17'
Driver info: io.appium.java_client.android.AndroidDriver
Command: [f0d75456-8e3e-462a-bf42-77e42a4206ca, findElement {using=xpath, value=//android.widget.AutoCompleteTextView[@text='¿La casa que habita es?']}]
Capabilities {appium:app: C:\prueba\AppiumFrameworkSu..., appium:appPackage: pe.com.surgir.surgirapp, appium:appWaitActivity: .ui.login.LoginActivity,.ui..., appium:automationName: UiAutomator2, appium:browserstack.networkLogs: true, appium:chromedriverExecutable: C:\prueba\AppiumFrameworkSu..., appium:databaseEnabled: false, appium:desired: {app: C:\prueba\AppiumFrameworkSu..., appWaitActivity: .ui.login.LoginActivity,.ui..., automationName: UiAutomator2, browserstack.networkLogs: true, chromedriverExecutable: C:\prueba\AppiumFrameworkSu..., deviceName: samsung SM-T575, enableMultiWindows: true, ignoreHiddenApiPolicyError: true, noReset: false, platformName: ANDROID, udid: RX2RB00S4HN}, appium:deviceApiLevel: 33, appium:deviceManufacturer: samsung, appium:deviceModel: SM-T575, appium:deviceName: RX2RB00S4HN, appium:deviceScreenDensity: 320, appium:deviceScreenSize: 1200x1920, appium:deviceUDID: RX2RB00S4HN, appium:enableMultiWindows: true, appium:ignoreHiddenApiPolicyError: true, appium:javascriptEnabled: true, appium:locationContextEnabled: false, appium:networkConnectionEnabled: true, appium:noReset: false, appium:pixelRatio: 2, appium:platformVersion: 13, appium:statBarHeight: 48, appium:takesScreenshot: true, appium:udid: RX2RB00S4HN, appium:viewportRect: {height: 1872, left: 0, top: 48, width: 1200}, appium:warnings: {}, appium:webStorageEnabled: false, platformName: ANDROID}
Session ID: f0d75456-8e3e-462a-bf42-77e42a4206ca
at org.openqa.selenium.remote.codec.w3c.W3CHttpResponseCodec.createException(W3CHttpResponseCodec.java:200)
at org.openqa.selenium.remote.codec.w3c.W3CHttpResponseCodec.decode(W3CHttpResponseCodec.java:133)
at org.openqa.selenium.remote.codec.w3c.W3CHttpResponseCodec.decode(W3CHttpResponseCodec.java:52)
at org.openqa.selenium.remote.HttpCommandExecutor.execute(HttpCommandExecutor.java:191)
at io.appium.java_client.remote.AppiumCommandExecutor.execute(AppiumCommandExecutor.java:238)
at org.openqa.selenium.remote.RemoteWebDriver.execute(RemoteWebDriver.java:523)
at org.openqa.selenium.remote.ElementLocation$ElementFinder$2.findElement(ElementLocation.java:165)
at org.openqa.selenium.remote.ElementLocation.findElement(ElementLocation.java:59)
at org.openqa.selenium.remote.RemoteWebDriver.findElement(RemoteWebDriver.java:360)
at org.openqa.selenium.remote.RemoteWebDriver.findElement(RemoteWebDriver.java:354)
at io.appium.java_client.pagefactory.bys.builder.ByChained.lambda$getSearchingFunction$0(ByChained.java:41)
at org.openqa.selenium.support.ui.FluentWait.until(FluentWait.java:204)
at io.appium.java_client.pagefactory.bys.builder.ByChained.findElement(ByChained.java:75)
at org.openqa.selenium.remote.ElementLocation$ElementFinder$1.findElement(ElementLocation.java:139)
at org.openqa.selenium.remote.ElementLocation.findElement(ElementLocation.java:59)
at org.openqa.selenium.remote.RemoteWebDriver.findElement(RemoteWebDriver.java:360)
at org.openqa.selenium.remote.RemoteWebDriver.findElement(RemoteWebDriver.java:354)
at io.appium.java_client.pagefactory.bys.ContentMappedBy.findElement(ContentMappedBy.java:53)
at org.openqa.selenium.remote.ElementLocation$ElementFinder$1.findElement(ElementLocation.java:139)
at org.openqa.selenium.remote.ElementLocation.findElement(ElementLocation.java:59)
at org.openqa.selenium.remote.RemoteWebDriver.findElement(RemoteWebDriver.java:360)
at org.openqa.selenium.remote.RemoteWebDriver.findElement(RemoteWebDriver.java:354)
at io.appium.java_client.pagefactory.AppiumElementLocator.lambda$findElement$1(AppiumElementLocator.java:160)
at io.appium.java_client.pagefactory.AppiumElementLocator$WaitingFunction.apply(AppiumElementLocator.java:217)
at io.appium.java_client.pagefactory.AppiumElementLocator$WaitingFunction.apply(AppiumElementLocator.java:210)
at org.openqa.selenium.support.ui.FluentWait.until(FluentWait.java:204)
at io.appium.java_client.pagefactory.AppiumElementLocator.waitFor(AppiumElementLocator.java:135)
at io.appium.java_client.pagefactory.AppiumElementLocator.findElement(AppiumElementLocator.java:160)
at org.openqa.selenium.support.pagefactory.internal.LocatingElementHandler.invoke(LocatingElementHandler.java:38)
at com.sun.proxy.$Proxy43.click(Unknown Source)
at org.meto.appium.pages.FormCustomer.casaqueHabita(FormCustomer.java:510)
at org.meto.appium.tests.TFCustomer.InfComplementaria(TFCustomer.java:129)
at java.base/java.util.ArrayList.forEach(ArrayList.java:1541)
... Removed 31 stack frames]]>
    </failure>
  </testcase> <!-- InfComplementaria -->
  <testcase classname="org.meto.appium.tests.TFCustomer" name="InfComplementaria" time="6.861">
    <failure type="org.openqa.selenium.WebDriverException" message="An unknown server-side error occurred while processing the command. Original error: &amp;apos;GET /screenshot&amp;apos; cannot be proxied to UiAutomator2 server because the instrumentation process is not running (probably crashed). Check the server log and/or the logcat output for more details
Build info: version: &amp;apos;4.16.1&amp;apos;, revision: &amp;apos;9b4c83354e&amp;apos;
System info: os.name: &amp;apos;Windows 11&amp;apos;, os.arch: &amp;apos;amd64&amp;apos;, os.version: &amp;apos;10.0&amp;apos;, java.version: &amp;apos;11.0.17&amp;apos;
Driver info: io.appium.java_client.android.AndroidDriver
Command: [f0d75456-8e3e-462a-bf42-77e42a4206ca, screenshot {}]
Capabilities {appium:app: C:\prueba\AppiumFrameworkSu..., appium:appPackage: pe.com.surgir.surgirapp, appium:appWaitActivity: .ui.login.LoginActivity,.ui..., appium:automationName: UiAutomator2, appium:browserstack.networkLogs: true, appium:chromedriverExecutable: C:\prueba\AppiumFrameworkSu..., appium:databaseEnabled: false, appium:desired: {app: C:\prueba\AppiumFrameworkSu..., appWaitActivity: .ui.login.LoginActivity,.ui..., automationName: UiAutomator2, browserstack.networkLogs: true, chromedriverExecutable: C:\prueba\AppiumFrameworkSu..., deviceName: samsung SM-T575, enableMultiWindows: true, ignoreHiddenApiPolicyError: true, noReset: false, platformName: ANDROID, udid: RX2RB00S4HN}, appium:deviceApiLevel: 33, appium:deviceManufacturer: samsung, appium:deviceModel: SM-T575, appium:deviceName: RX2RB00S4HN, appium:deviceScreenDensity: 320, appium:deviceScreenSize: 1200x1920, appium:deviceUDID: RX2RB00S4HN, appium:enableMultiWindows: true, appium:ignoreHiddenApiPolicyError: true, appium:javascriptEnabled: true, appium:locationContextEnabled: false, appium:networkConnectionEnabled: true, appium:noReset: false, appium:pixelRatio: 2, appium:platformVersion: 13, appium:statBarHeight: 48, appium:takesScreenshot: true, appium:udid: RX2RB00S4HN, appium:viewportRect: {height: 1872, left: 0, top: 48, width: 1200}, appium:warnings: {}, appium:webStorageEnabled: false, platformName: ANDROID}
Session ID: f0d75456-8e3e-462a-bf42-77e42a4206ca">
      <![CDATA[org.openqa.selenium.WebDriverException: An unknown server-side error occurred while processing the command. Original error: 'GET /screenshot' cannot be proxied to UiAutomator2 server because the instrumentation process is not running (probably crashed). Check the server log and/or the logcat output for more details
Build info: version: '4.16.1', revision: '9b4c83354e'
System info: os.name: 'Windows 11', os.arch: 'amd64', os.version: '10.0', java.version: '11.0.17'
Driver info: io.appium.java_client.android.AndroidDriver
Command: [f0d75456-8e3e-462a-bf42-77e42a4206ca, screenshot {}]
Capabilities {appium:app: C:\prueba\AppiumFrameworkSu..., appium:appPackage: pe.com.surgir.surgirapp, appium:appWaitActivity: .ui.login.LoginActivity,.ui..., appium:automationName: UiAutomator2, appium:browserstack.networkLogs: true, appium:chromedriverExecutable: C:\prueba\AppiumFrameworkSu..., appium:databaseEnabled: false, appium:desired: {app: C:\prueba\AppiumFrameworkSu..., appWaitActivity: .ui.login.LoginActivity,.ui..., automationName: UiAutomator2, browserstack.networkLogs: true, chromedriverExecutable: C:\prueba\AppiumFrameworkSu..., deviceName: samsung SM-T575, enableMultiWindows: true, ignoreHiddenApiPolicyError: true, noReset: false, platformName: ANDROID, udid: RX2RB00S4HN}, appium:deviceApiLevel: 33, appium:deviceManufacturer: samsung, appium:deviceModel: SM-T575, appium:deviceName: RX2RB00S4HN, appium:deviceScreenDensity: 320, appium:deviceScreenSize: 1200x1920, appium:deviceUDID: RX2RB00S4HN, appium:enableMultiWindows: true, appium:ignoreHiddenApiPolicyError: true, appium:javascriptEnabled: true, appium:locationContextEnabled: false, appium:networkConnectionEnabled: true, appium:noReset: false, appium:pixelRatio: 2, appium:platformVersion: 13, appium:statBarHeight: 48, appium:takesScreenshot: true, appium:udid: RX2RB00S4HN, appium:viewportRect: {height: 1872, left: 0, top: 48, width: 1200}, appium:warnings: {}, appium:webStorageEnabled: false, platformName: ANDROID}
Session ID: f0d75456-8e3e-462a-bf42-77e42a4206ca
at org.openqa.selenium.remote.codec.w3c.W3CHttpResponseCodec.createException(W3CHttpResponseCodec.java:200)
at org.openqa.selenium.remote.codec.w3c.W3CHttpResponseCodec.decode(W3CHttpResponseCodec.java:133)
at org.openqa.selenium.remote.codec.w3c.W3CHttpResponseCodec.decode(W3CHttpResponseCodec.java:52)
at org.openqa.selenium.remote.HttpCommandExecutor.execute(HttpCommandExecutor.java:191)
at io.appium.java_client.remote.AppiumCommandExecutor.execute(AppiumCommandExecutor.java:238)
at org.openqa.selenium.remote.RemoteWebDriver.execute(RemoteWebDriver.java:523)
at org.openqa.selenium.remote.RemoteWebDriver.execute(RemoteWebDriver.java:596)
at io.appium.java_client.AppiumDriver.execute(AppiumDriver.java:307)
at org.openqa.selenium.remote.RemoteWebDriver.getScreenshotAs(RemoteWebDriver.java:326)
at io.appium.java_client.AppiumDriver.getScreenshotAs(AppiumDriver.java:316)
at org.meto.appium.utils.AppiumUtils.getScreenshotPath(AppiumUtils.java:77)
at org.meto.appium.extentreports.Listeners.onTestFailure(Listeners.java:48)
at java.base/java.util.ArrayList.forEach(ArrayList.java:1541)
... Removed 28 stack frames]]>
    </failure>
  </testcase> <!-- InfComplementaria -->
</testsuite> <!-- Customer Test -->
