<?xml version="1.0" encoding="UTF-8"?>
<!-- Generated by org.testng.reporters.JUnitXMLReporter -->
<testsuite ignored="0" hostname="PERU-METO" failures="0" tests="3" name="Customer Test" time="198.391" errors="0" timestamp="2023-12-22T14:52:27 COT">
  <testcase classname="org.meto.appium.tests.TFCustomer" name="Customer" time="80.964"/>
  <testcase classname="org.meto.appium.tests.TFCustomer" name="Domicilio" time="77.577"/>
  <testcase classname="org.meto.appium.tests.TFCustomer" name="InfComplementaria" time="28.692"/>
</testsuite> <!-- Customer Test -->
