<?xml version="1.0" encoding="UTF-8"?>
<!-- Generated by org.testng.reporters.JUnitXMLReporter -->
<testsuite ignored="0" hostname="PERU-METO" failures="0" tests="1" name="Signature Test" time="0.005" errors="0" timestamp="2023-12-22T14:38:37 COT">
  <testcase classname="org.meto.appium.tests.TFSignature" name="@BeforeMethod beforeMethod" time="-1.70327391748E9">
    <skipped/>
  </testcase> <!-- @BeforeMethod beforeMethod -->
  <testcase classname="org.meto.appium.tests.TFSignature" name="FillSignature" time="0.0">
    <skipped/>
  </testcase> <!-- FillSignature -->
</testsuite> <!-- Signature Test -->
