<!DOCTYPE html PUBLIC "-//W3C//DTD XHTML 1.1//EN" "https://www.w3.org/TR/xhtml11/DTD/xhtml11.dtd">
<html xmlns="https://www.w3.org/1999/xhtml">
<head>
<meta http-equiv="content-type" content="text/html; charset=UTF-8"/>
<title>TestNG Report</title>
<style type="text/css">table {margin-bottom:10px;border-collapse:collapse;empty-cells:show}th,td {border:1px solid #009;padding:.25em .5em}th {vertical-align:bottom}td {vertical-align:top}table a {font-weight:bold}.stripe td {background-color: #E6EBF9}.num {text-align:right}.passedodd td {background-color: #3F3}.passedeven td {background-color: #0A0}.skippedodd td {background-color: #DDD}.skippedeven td {background-color: #CCC}.failedodd td,.attn {background-color: #F33}.failedeven td,.stripe .attn {background-color: #D00}.stacktrace {white-space:pre;font-family:monospace}.totop {font-size:85%;text-align:center;border-bottom:2px solid #000}.invisible {display:none}</style>
</head>
<body>
<table>
<tr><th>Test</th><th># Passed</th><th># Skipped</th><th># Retried</th><th># Failed</th><th>Time (ms)</th><th>Included Groups</th><th>Excluded Groups</th></tr>
<tr><th colspan="8">Data Driven Basics</th></tr>
<tr><td><a href="#t0">App Manager Login Test</a></td><td class="num">0</td><td class="num attn">2</td><td class="num">0</td><td class="num">0</td><td class="num">483</td><td></td><td></td></tr>
<tr class="stripe"><td><a href="#t1">Test API</a></td><td class="num">0</td><td class="num">0</td><td class="num">0</td><td class="num">0</td><td class="num">2</td><td></td><td></td></tr>
<tr><td><a href="#t2">Prospect Test</a></td><td class="num">0</td><td class="num attn">2</td><td class="num">0</td><td class="num">0</td><td class="num">24</td><td></td><td></td></tr>
<tr class="stripe"><td><a href="#t3">Customer Test</a></td><td class="num">0</td><td class="num attn">3</td><td class="num">0</td><td class="num">0</td><td class="num">13</td><td></td><td></td></tr>
<tr><td><a href="#t4">Business Test</a></td><td class="num">0</td><td class="num attn">1</td><td class="num">0</td><td class="num">0</td><td class="num">6</td><td></td><td></td></tr>
<tr class="stripe"><td><a href="#t5">Rse Test</a></td><td class="num">0</td><td class="num attn">1</td><td class="num">0</td><td class="num">0</td><td class="num">5</td><td></td><td></td></tr>
<tr><td><a href="#t6">Proposal Test</a></td><td class="num">0</td><td class="num attn">2</td><td class="num">0</td><td class="num">0</td><td class="num">8</td><td></td><td></td></tr>
<tr class="stripe"><td><a href="#t7">Contract Test</a></td><td class="num">0</td><td class="num attn">1</td><td class="num">0</td><td class="num">0</td><td class="num">5</td><td></td><td></td></tr>
<tr><td><a href="#t8">Signature Test</a></td><td class="num">0</td><td class="num attn">1</td><td class="num">0</td><td class="num">0</td><td class="num">5</td><td></td><td></td></tr>
<tr class="stripe"><td><a href="#t9">Guarantor Test</a></td><td class="num">0</td><td class="num attn">1</td><td class="num">0</td><td class="num">0</td><td class="num">5</td><td></td><td></td></tr>
<tr><td><a href="#t10">Customer Guarantor Test</a></td><td class="num">0</td><td class="num attn">1</td><td class="num">0</td><td class="num">0</td><td class="num">8</td><td></td><td></td></tr>
<tr><th>Total</th><th class="num">0</th><th class="num attn">15</th><th class="num">0</th><th class="num">0</th><th class="num">564</th><th colspan="2"></th></tr>
</table>
<table id='summary'><thead><tr><th>Class</th><th>Method</th><th>Start</th><th>Time (ms)</th></tr></thead><tbody><tr><th colspan="4">Data Driven Basics</th></tr></tbody><tbody id="t0"><tr><th colspan="4">App Manager Login Test &#8212; skipped (configuration methods)</th></tr><tr class="skippedeven"><td rowspan="2">org.meto.appium.tests.TFLogin</td><td><a href="#m0">beforeMethod</a></td><td rowspan="2">1703273916359</td><td rowspan="2">-1703273916359</td></tr><tr class="skippedeven"><td><a href="#m1">beforeMethod</a></td></tr><tr><th colspan="4">App Manager Login Test &#8212; skipped</th></tr><tr class="skippedeven"><td rowspan="2">org.meto.appium.tests.TFLogin</td><td><a href="#m2">Login</a></td><td rowspan="1">1703273916333</td><td rowspan="1">0</td></tr><tr class="skippedeven"><td><a href="#m3">Rol</a></td><td rowspan="1">1703273916361</td><td rowspan="1">0</td></tr></tbody>
<tbody id="t1"><tr><th colspan="4" class="invisible"/></tr></tbody>
<tbody id="t2"><tr><th colspan="4">Prospect Test &#8212; skipped (configuration methods)</th></tr><tr class="skippedeven"><td rowspan="2">org.meto.appium.tests.TFProspect</td><td><a href="#m4">beforeMethod</a></td><td rowspan="2">1703273917009</td><td rowspan="2">-1703273917009</td></tr><tr class="skippedeven"><td><a href="#m5">beforeMethod</a></td></tr><tr><th colspan="4">Prospect Test &#8212; skipped</th></tr><tr class="skippedeven"><td rowspan="2">org.meto.appium.tests.TFProspect</td><td><a href="#m6">Prospect</a></td><td rowspan="1">1703273917014</td><td rowspan="1">0</td></tr><tr class="skippedeven"><td><a href="#m7">UsoDatos</a></td><td rowspan="1">1703273917024</td><td rowspan="1">0</td></tr></tbody>
<tbody id="t3"><tr><th colspan="4">Customer Test &#8212; skipped (configuration methods)</th></tr><tr class="skippedeven"><td rowspan="3">org.meto.appium.tests.TFCustomer</td><td><a href="#m8">beforeMethod</a></td><td rowspan="3">1703273917107</td><td rowspan="3">-1703273917107</td></tr><tr class="skippedeven"><td><a href="#m9">beforeMethod</a></td></tr><tr class="skippedeven"><td><a href="#m10">beforeMethod</a></td></tr><tr><th colspan="4">Customer Test &#8212; skipped</th></tr><tr class="skippedeven"><td rowspan="3">org.meto.appium.tests.TFCustomer</td><td><a href="#m11">Customer</a></td><td rowspan="1">1703273917110</td><td rowspan="1">0</td></tr><tr class="skippedeven"><td><a href="#m12">Domicilio</a></td><td rowspan="1">1703273917113</td><td rowspan="1">0</td></tr><tr class="skippedeven"><td><a href="#m13">InfComplementaria</a></td><td rowspan="1">1703273917117</td><td rowspan="1">0</td></tr></tbody>
<tbody id="t4"><tr><th colspan="4">Business Test &#8212; skipped (configuration methods)</th></tr><tr class="skippedeven"><td rowspan="1">org.meto.appium.tests.TFBusiness</td><td><a href="#m14">beforeMethod</a></td><td rowspan="1">1703273917206</td><td rowspan="1">-1703273917206</td></tr><tr><th colspan="4">Business Test &#8212; skipped</th></tr><tr class="skippedeven"><td rowspan="1">org.meto.appium.tests.TFBusiness</td><td><a href="#m15">Business</a></td><td rowspan="1">1703273917208</td><td rowspan="1">0</td></tr></tbody>
<tbody id="t5"><tr><th colspan="4">Rse Test &#8212; skipped (configuration methods)</th></tr><tr class="skippedeven"><td rowspan="1">org.meto.appium.tests.TFRse</td><td><a href="#m16">beforeMethod</a></td><td rowspan="1">1703273917259</td><td rowspan="1">-1703273917259</td></tr><tr><th colspan="4">Rse Test &#8212; skipped</th></tr><tr class="skippedeven"><td rowspan="1">org.meto.appium.tests.TFRse</td><td><a href="#m17">Rse</a></td><td rowspan="1">1703273917260</td><td rowspan="1">0</td></tr></tbody>
<tbody id="t6"><tr><th colspan="4">Proposal Test &#8212; skipped (configuration methods)</th></tr><tr class="skippedeven"><td rowspan="2">org.meto.appium.tests.TFProposal</td><td><a href="#m18">beforeMethod</a></td><td rowspan="2">1703273917343</td><td rowspan="2">-1703273917343</td></tr><tr class="skippedeven"><td><a href="#m19">beforeMethod</a></td></tr><tr><th colspan="4">Proposal Test &#8212; skipped</th></tr><tr class="skippedeven"><td rowspan="2">org.meto.appium.tests.TFProposal</td><td><a href="#m20">Propuesta</a></td><td rowspan="1">1703273917341</td><td rowspan="1">0</td></tr><tr class="skippedeven"><td><a href="#m21">Propuesta_error</a></td><td rowspan="1">1703273917344</td><td rowspan="1">0</td></tr></tbody>
<tbody id="t7"><tr><th colspan="4">Contract Test &#8212; skipped (configuration methods)</th></tr><tr class="skippedeven"><td rowspan="1">org.meto.appium.tests.TFContract</td><td><a href="#m22">beforeMethod</a></td><td rowspan="1">1703273917418</td><td rowspan="1">-1703273917418</td></tr><tr><th colspan="4">Contract Test &#8212; skipped</th></tr><tr class="skippedeven"><td rowspan="1">org.meto.appium.tests.TFContract</td><td><a href="#m23">FillContract</a></td><td rowspan="1">1703273917419</td><td rowspan="1">0</td></tr></tbody>
<tbody id="t8"><tr><th colspan="4">Signature Test &#8212; skipped (configuration methods)</th></tr><tr class="skippedeven"><td rowspan="1">org.meto.appium.tests.TFSignature</td><td><a href="#m24">beforeMethod</a></td><td rowspan="1">1703273917480</td><td rowspan="1">-1703273917480</td></tr><tr><th colspan="4">Signature Test &#8212; skipped</th></tr><tr class="skippedeven"><td rowspan="1">org.meto.appium.tests.TFSignature</td><td><a href="#m25">FillSignature</a></td><td rowspan="1">1703273917481</td><td rowspan="1">0</td></tr></tbody>
<tbody id="t9"><tr><th colspan="4">Guarantor Test &#8212; skipped (configuration methods)</th></tr><tr class="skippedeven"><td rowspan="1">org.meto.appium.tests.TFGuarantor</td><td><a href="#m26">beforeMethod</a></td><td rowspan="1">1703273917525</td><td rowspan="1">-1703273917525</td></tr><tr><th colspan="4">Guarantor Test &#8212; skipped</th></tr><tr class="skippedeven"><td rowspan="1">org.meto.appium.tests.TFGuarantor</td><td><a href="#m27">FillGuarantor</a></td><td rowspan="1">1703273917526</td><td rowspan="1">0</td></tr></tbody>
<tbody id="t10"><tr><th colspan="4">Customer Guarantor Test &#8212; failed (configuration methods)</th></tr><tr class="failedeven"><td rowspan="1">org.meto.appium.tests.TFCustomerGuarantor</td><td><a href="#m28">setup</a></td><td rowspan="1">1703273903856</td><td rowspan="1">12008</td></tr><tr><th colspan="4">Customer Guarantor Test &#8212; skipped (configuration methods)</th></tr><tr class="skippedeven"><td rowspan="2">org.meto.appium.tests.TFCustomerGuarantor</td><td><a href="#m29">beforeMethod</a></td><td rowspan="1">1703273917587</td><td rowspan="1">-1703273917587</td></tr><tr class="skippedeven"><td><a href="#m30">teardown</a></td><td rowspan="1">1703273917660</td><td rowspan="1">-1703273917660</td></tr><tr><th colspan="4">Customer Guarantor Test &#8212; skipped</th></tr><tr class="skippedeven"><td rowspan="1">org.meto.appium.tests.TFCustomerGuarantor</td><td><a href="#m31">FillCustomerGuarantor</a></td><td rowspan="1">1703273917589</td><td rowspan="1">0</td></tr></tbody>
</table>
<h2>App Manager Login Test</h2><h3 id="m0">org.meto.appium.tests.TFLogin#beforeMethod</h3><table class="result"><tr><th class="invisible"/></tr></table><p class="totop"><a href="#summary">back to summary</a></p>
<h3 id="m1">org.meto.appium.tests.TFLogin#beforeMethod</h3><table class="result"><tr><th class="invisible"/></tr></table><p class="totop"><a href="#summary">back to summary</a></p>
<h3 id="m2">org.meto.appium.tests.TFLogin#Login</h3><table class="result"><tr class="param"><th>Parameter #1</th></tr><tr class="param stripe"><td>{password=Surgir.2026, usuario=asesorqa}</td></tr></table><p class="totop"><a href="#summary">back to summary</a></p>
<h3 id="m3">org.meto.appium.tests.TFLogin#Rol</h3><table class="result"><tr><th class="invisible"/></tr></table><p class="totop"><a href="#summary">back to summary</a></p>
<h2>Test API</h2><h2>Prospect Test</h2><h3 id="m4">org.meto.appium.tests.TFProspect#beforeMethod</h3><table class="result"><tr><th class="invisible"/></tr></table><p class="totop"><a href="#summary">back to summary</a></p>
<h3 id="m5">org.meto.appium.tests.TFProspect#beforeMethod</h3><table class="result"><tr><th class="invisible"/></tr></table><p class="totop"><a href="#summary">back to summary</a></p>
<h3 id="m6">org.meto.appium.tests.TFProspect#Prospect</h3><table class="result"><tr><th class="invisible"/></tr></table><p class="totop"><a href="#summary">back to summary</a></p>
<h3 id="m7">org.meto.appium.tests.TFProspect#UsoDatos</h3><table class="result"><tr><th class="invisible"/></tr></table><p class="totop"><a href="#summary">back to summary</a></p>
<h2>Customer Test</h2><h3 id="m8">org.meto.appium.tests.TFCustomer#beforeMethod</h3><table class="result"><tr><th class="invisible"/></tr></table><p class="totop"><a href="#summary">back to summary</a></p>
<h3 id="m9">org.meto.appium.tests.TFCustomer#beforeMethod</h3><table class="result"><tr><th class="invisible"/></tr></table><p class="totop"><a href="#summary">back to summary</a></p>
<h3 id="m10">org.meto.appium.tests.TFCustomer#beforeMethod</h3><table class="result"><tr><th class="invisible"/></tr></table><p class="totop"><a href="#summary">back to summary</a></p>
<h3 id="m11">org.meto.appium.tests.TFCustomer#Customer</h3><table class="result"><tr><th class="invisible"/></tr></table><p class="totop"><a href="#summary">back to summary</a></p>
<h3 id="m12">org.meto.appium.tests.TFCustomer#Domicilio</h3><table class="result"><tr><th class="invisible"/></tr></table><p class="totop"><a href="#summary">back to summary</a></p>
<h3 id="m13">org.meto.appium.tests.TFCustomer#InfComplementaria</h3><table class="result"><tr><th class="invisible"/></tr></table><p class="totop"><a href="#summary">back to summary</a></p>
<h2>Business Test</h2><h3 id="m14">org.meto.appium.tests.TFBusiness#beforeMethod</h3><table class="result"><tr><th class="invisible"/></tr></table><p class="totop"><a href="#summary">back to summary</a></p>
<h3 id="m15">org.meto.appium.tests.TFBusiness#Business</h3><table class="result"><tr><th class="invisible"/></tr></table><p class="totop"><a href="#summary">back to summary</a></p>
<h2>Rse Test</h2><h3 id="m16">org.meto.appium.tests.TFRse#beforeMethod</h3><table class="result"><tr><th class="invisible"/></tr></table><p class="totop"><a href="#summary">back to summary</a></p>
<h3 id="m17">org.meto.appium.tests.TFRse#Rse</h3><table class="result"><tr><th class="invisible"/></tr></table><p class="totop"><a href="#summary">back to summary</a></p>
<h2>Proposal Test</h2><h3 id="m18">org.meto.appium.tests.TFProposal#beforeMethod</h3><table class="result"><tr><th class="invisible"/></tr></table><p class="totop"><a href="#summary">back to summary</a></p>
<h3 id="m19">org.meto.appium.tests.TFProposal#beforeMethod</h3><table class="result"><tr><th class="invisible"/></tr></table><p class="totop"><a href="#summary">back to summary</a></p>
<h3 id="m20">org.meto.appium.tests.TFProposal#Propuesta</h3><table class="result"><tr><th class="invisible"/></tr></table><p class="totop"><a href="#summary">back to summary</a></p>
<h3 id="m21">org.meto.appium.tests.TFProposal#Propuesta_error</h3><table class="result"><tr><th class="invisible"/></tr></table><p class="totop"><a href="#summary">back to summary</a></p>
<h2>Contract Test</h2><h3 id="m22">org.meto.appium.tests.TFContract#beforeMethod</h3><table class="result"><tr><th class="invisible"/></tr></table><p class="totop"><a href="#summary">back to summary</a></p>
<h3 id="m23">org.meto.appium.tests.TFContract#FillContract</h3><table class="result"><tr><th class="invisible"/></tr></table><p class="totop"><a href="#summary">back to summary</a></p>
<h2>Signature Test</h2><h3 id="m24">org.meto.appium.tests.TFSignature#beforeMethod</h3><table class="result"><tr><th class="invisible"/></tr></table><p class="totop"><a href="#summary">back to summary</a></p>
<h3 id="m25">org.meto.appium.tests.TFSignature#FillSignature</h3><table class="result"><tr><th class="invisible"/></tr></table><p class="totop"><a href="#summary">back to summary</a></p>
<h2>Guarantor Test</h2><h3 id="m26">org.meto.appium.tests.TFGuarantor#beforeMethod</h3><table class="result"><tr><th class="invisible"/></tr></table><p class="totop"><a href="#summary">back to summary</a></p>
<h3 id="m27">org.meto.appium.tests.TFGuarantor#FillGuarantor</h3><table class="result"><tr><th class="invisible"/></tr></table><p class="totop"><a href="#summary">back to summary</a></p>
<h2>Customer Guarantor Test</h2><h3 id="m28">org.meto.appium.tests.TFCustomerGuarantor#setup</h3><table class="result"><tr class="param"><th>Parameter #1</th></tr><tr class="param stripe"><td>org.testng.TestRunner@3703bf3c</td></tr><tr><th>Exception</th></tr><tr><td><div class="stacktrace">org.openqa.selenium.SessionNotCreatedException: Could not start a new session. Possible causes are invalid address of the remote server or browser start-up failure. 
Host info: host: &apos;PERU-METO&apos;, ip: &apos;192.168.1.37&apos;
	at org.openqa.selenium.remote.RemoteWebDriver.execute(RemoteWebDriver.java:541)
	at io.appium.java_client.AppiumDriver.startSession(AppiumDriver.java:268)
	at org.openqa.selenium.remote.RemoteWebDriver.&lt;init&gt;(RemoteWebDriver.java:164)
	at io.appium.java_client.AppiumDriver.&lt;init&gt;(AppiumDriver.java:90)
	at io.appium.java_client.AppiumDriver.&lt;init&gt;(AppiumDriver.java:102)
	at io.appium.java_client.android.AndroidDriver.&lt;init&gt;(AndroidDriver.java:109)
	at org.meto.appium.base.TestBase.setup(TestBase.java:84)
Build info: version: &apos;4.16.1&apos;, revision: &apos;9b4c83354e&apos;
System info: os.name: &apos;Windows 11&apos;, os.arch: &apos;amd64&apos;, os.version: &apos;10.0&apos;, java.version: &apos;11.0.17&apos;
Driver info: driver.version: AndroidDriver
	at io.appium.java_client.remote.AppiumProtocolHandshake.createSession(AppiumProtocolHandshake.java:137)
	at io.appium.java_client.remote.AppiumProtocolHandshake.createSession(AppiumProtocolHandshake.java:102)
	at io.appium.java_client.remote.AppiumCommandExecutor.createSession(AppiumCommandExecutor.java:177)
	at io.appium.java_client.remote.AppiumCommandExecutor.execute(AppiumCommandExecutor.java:238)
	at org.openqa.selenium.remote.RemoteWebDriver.execute(RemoteWebDriver.java:523)
	... 25 more
	at io.appium.java_client.remote.AppiumProtocolHandshake.createSession(AppiumProtocolHandshake.java:133)
	... 29 more
Caused by: java.io.UncheckedIOException: java.io.IOException: HTTP/1.1 header parser received no bytes
	at org.openqa.selenium.remote.http.jdk.JdkHttpClient.execute0(JdkHttpClient.java:442)
	at io.appium.java_client.internal.filters.AppiumIdempotencyFilter.lambda$apply$0(AppiumIdempotencyFilter.java:35)
	at io.appium.java_client.internal.filters.AppiumUserAgentFilter.lambda$apply$0(AppiumUserAgentFilter.java:87)
	at org.openqa.selenium.remote.http.Filter.lambda$andFinally$1(Filter.java:55)
	at org.openqa.selenium.remote.http.jdk.JdkHttpClient.execute(JdkHttpClient.java:358)
	at org.openqa.selenium.remote.ProtocolHandshake.createSession(ProtocolHandshake.java:115)
	... 34 more
Caused by: java.io.IOException: HTTP/1.1 header parser received no bytes
	at java.net.http/jdk.internal.net.http.common.Utils.wrapWithExtraDetail(Utils.java:326)
	at java.net.http/jdk.internal.net.http.Http1Response$HeadersReader.onReadError(Http1Response.java:665)
	at java.net.http/jdk.internal.net.http.Http1AsyncReceiver.checkForErrors(Http1AsyncReceiver.java:297)
	at java.net.http/jdk.internal.net.http.Http1AsyncReceiver.flush(Http1AsyncReceiver.java:263)
	at java.net.http/jdk.internal.net.http.common.SequentialScheduler$SynchronizedRestartableTask.run(SequentialScheduler.java:175)
	at java.net.http/jdk.internal.net.http.common.SequentialScheduler$CompleteRestartableTask.run(SequentialScheduler.java:147)
	at java.net.http/jdk.internal.net.http.common.SequentialScheduler$SchedulableTask.run(SequentialScheduler.java:198)
	at java.base/java.util.concurrent.ThreadPoolExecutor.runWorker(ThreadPoolExecutor.java:1128)
	at java.base/java.util.concurrent.ThreadPoolExecutor$Worker.run(ThreadPoolExecutor.java:628)
	at java.base/java.lang.Thread.run(Thread.java:834)
Caused by: java.io.IOException: Se ha forzado la interrupci贸n de una conexi贸n existente por el host remoto
	at java.base/sun.nio.ch.SocketDispatcher.read0(Native Method)
	at java.base/sun.nio.ch.SocketDispatcher.read(SocketDispatcher.java:43)
	at java.base/sun.nio.ch.IOUtil.readIntoNativeBuffer(IOUtil.java:276)
	at java.base/sun.nio.ch.IOUtil.read(IOUtil.java:245)
	at java.base/sun.nio.ch.IOUtil.read(IOUtil.java:223)
	at java.base/sun.nio.ch.SocketChannelImpl.read(SocketChannelImpl.java:358)
	at java.net.http/jdk.internal.net.http.SocketTube.readAvailable(SocketTube.java:1153)
	at java.net.http/jdk.internal.net.http.SocketTube$InternalReadPublisher$InternalReadSubscription.read(SocketTube.java:821)
	at java.net.http/jdk.internal.net.http.SocketTube$SocketFlowTask.run(SocketTube.java:175)
	at java.net.http/jdk.internal.net.http.common.SequentialScheduler$SchedulableTask.run(SequentialScheduler.java:198)
	at java.net.http/jdk.internal.net.http.common.SequentialScheduler.runOrSchedule(SequentialScheduler.java:271)
	at java.net.http/jdk.internal.net.http.common.SequentialScheduler.runOrSchedule(SequentialScheduler.java:224)
	at java.net.http/jdk.internal.net.http.SocketTube$InternalReadPublisher$InternalReadSubscription.signalReadable(SocketTube.java:763)
	at java.net.http/jdk.internal.net.http.SocketTube$InternalReadPublisher$ReadEvent.signalEvent(SocketTube.java:941)
	at java.net.http/jdk.internal.net.http.SocketTube$SocketFlowEvent.handle(SocketTube.java:245)
	at java.net.http/jdk.internal.net.http.HttpClientImpl$SelectorManager.handleEvent(HttpClientImpl.java:957)
	at java.net.http/jdk.internal.net.http.HttpClientImpl$SelectorManager.lambda$run$3(HttpClientImpl.java:912)
	at java.base/java.util.ArrayList.forEach(ArrayList.java:1541)
	at java.net.http/jdk.internal.net.http.HttpClientImpl$SelectorManager.run(HttpClientImpl.java:912)
... Removed 25 stack frames</div></td></tr></table><p class="totop"><a href="#summary">back to summary</a></p>
<h3 id="m29">org.meto.appium.tests.TFCustomerGuarantor#beforeMethod</h3><table class="result"><tr><th class="invisible"/></tr></table><p class="totop"><a href="#summary">back to summary</a></p>
<h3 id="m30">org.meto.appium.tests.TFCustomerGuarantor#teardown</h3><table class="result"><tr><th class="invisible"/></tr></table><p class="totop"><a href="#summary">back to summary</a></p>
<h3 id="m31">org.meto.appium.tests.TFCustomerGuarantor#FillCustomerGuarantor</h3><table class="result"><tr><th>Exception</th></tr><tr><td><div class="stacktrace">org.openqa.selenium.SessionNotCreatedException: Could not start a new session. Possible causes are invalid address of the remote server or browser start-up failure. 
Host info: host: &apos;PERU-METO&apos;, ip: &apos;192.168.1.37&apos;
	at org.openqa.selenium.remote.RemoteWebDriver.execute(RemoteWebDriver.java:541)
	at io.appium.java_client.AppiumDriver.startSession(AppiumDriver.java:268)
	at org.openqa.selenium.remote.RemoteWebDriver.&lt;init&gt;(RemoteWebDriver.java:164)
	at io.appium.java_client.AppiumDriver.&lt;init&gt;(AppiumDriver.java:90)
	at io.appium.java_client.AppiumDriver.&lt;init&gt;(AppiumDriver.java:102)
	at io.appium.java_client.android.AndroidDriver.&lt;init&gt;(AndroidDriver.java:109)
	at org.meto.appium.base.TestBase.setup(TestBase.java:84)
Build info: version: &apos;4.16.1&apos;, revision: &apos;9b4c83354e&apos;
System info: os.name: &apos;Windows 11&apos;, os.arch: &apos;amd64&apos;, os.version: &apos;10.0&apos;, java.version: &apos;11.0.17&apos;
Driver info: driver.version: AndroidDriver
	at io.appium.java_client.remote.AppiumProtocolHandshake.createSession(AppiumProtocolHandshake.java:137)
	at io.appium.java_client.remote.AppiumProtocolHandshake.createSession(AppiumProtocolHandshake.java:102)
	at io.appium.java_client.remote.AppiumCommandExecutor.createSession(AppiumCommandExecutor.java:177)
	at io.appium.java_client.remote.AppiumCommandExecutor.execute(AppiumCommandExecutor.java:238)
	at org.openqa.selenium.remote.RemoteWebDriver.execute(RemoteWebDriver.java:523)
	... 25 more
	at io.appium.java_client.remote.AppiumProtocolHandshake.createSession(AppiumProtocolHandshake.java:133)
	... 29 more
Caused by: java.io.UncheckedIOException: java.io.IOException: HTTP/1.1 header parser received no bytes
	at org.openqa.selenium.remote.http.jdk.JdkHttpClient.execute0(JdkHttpClient.java:442)
	at io.appium.java_client.internal.filters.AppiumIdempotencyFilter.lambda$apply$0(AppiumIdempotencyFilter.java:35)
	at io.appium.java_client.internal.filters.AppiumUserAgentFilter.lambda$apply$0(AppiumUserAgentFilter.java:87)
	at org.openqa.selenium.remote.http.Filter.lambda$andFinally$1(Filter.java:55)
	at org.openqa.selenium.remote.http.jdk.JdkHttpClient.execute(JdkHttpClient.java:358)
	at org.openqa.selenium.remote.ProtocolHandshake.createSession(ProtocolHandshake.java:115)
	... 34 more
Caused by: java.io.IOException: HTTP/1.1 header parser received no bytes
	at java.net.http/jdk.internal.net.http.common.Utils.wrapWithExtraDetail(Utils.java:326)
	at java.net.http/jdk.internal.net.http.Http1Response$HeadersReader.onReadError(Http1Response.java:665)
	at java.net.http/jdk.internal.net.http.Http1AsyncReceiver.checkForErrors(Http1AsyncReceiver.java:297)
	at java.net.http/jdk.internal.net.http.Http1AsyncReceiver.flush(Http1AsyncReceiver.java:263)
	at java.net.http/jdk.internal.net.http.common.SequentialScheduler$SynchronizedRestartableTask.run(SequentialScheduler.java:175)
	at java.net.http/jdk.internal.net.http.common.SequentialScheduler$CompleteRestartableTask.run(SequentialScheduler.java:147)
	at java.net.http/jdk.internal.net.http.common.SequentialScheduler$SchedulableTask.run(SequentialScheduler.java:198)
	at java.base/java.util.concurrent.ThreadPoolExecutor.runWorker(ThreadPoolExecutor.java:1128)
	at java.base/java.util.concurrent.ThreadPoolExecutor$Worker.run(ThreadPoolExecutor.java:628)
	at java.base/java.lang.Thread.run(Thread.java:834)
Caused by: java.io.IOException: Se ha forzado la interrupci贸n de una conexi贸n existente por el host remoto
	at java.base/sun.nio.ch.SocketDispatcher.read0(Native Method)
	at java.base/sun.nio.ch.SocketDispatcher.read(SocketDispatcher.java:43)
	at java.base/sun.nio.ch.IOUtil.readIntoNativeBuffer(IOUtil.java:276)
	at java.base/sun.nio.ch.IOUtil.read(IOUtil.java:245)
	at java.base/sun.nio.ch.IOUtil.read(IOUtil.java:223)
	at java.base/sun.nio.ch.SocketChannelImpl.read(SocketChannelImpl.java:358)
	at java.net.http/jdk.internal.net.http.SocketTube.readAvailable(SocketTube.java:1153)
	at java.net.http/jdk.internal.net.http.SocketTube$InternalReadPublisher$InternalReadSubscription.read(SocketTube.java:821)
	at java.net.http/jdk.internal.net.http.SocketTube$SocketFlowTask.run(SocketTube.java:175)
	at java.net.http/jdk.internal.net.http.common.SequentialScheduler$SchedulableTask.run(SequentialScheduler.java:198)
	at java.net.http/jdk.internal.net.http.common.SequentialScheduler.runOrSchedule(SequentialScheduler.java:271)
	at java.net.http/jdk.internal.net.http.common.SequentialScheduler.runOrSchedule(SequentialScheduler.java:224)
	at java.net.http/jdk.internal.net.http.SocketTube$InternalReadPublisher$InternalReadSubscription.signalReadable(SocketTube.java:763)
	at java.net.http/jdk.internal.net.http.SocketTube$InternalReadPublisher$ReadEvent.signalEvent(SocketTube.java:941)
	at java.net.http/jdk.internal.net.http.SocketTube$SocketFlowEvent.handle(SocketTube.java:245)
	at java.net.http/jdk.internal.net.http.HttpClientImpl$SelectorManager.handleEvent(HttpClientImpl.java:957)
	at java.net.http/jdk.internal.net.http.HttpClientImpl$SelectorManager.lambda$run$3(HttpClientImpl.java:912)
	at java.base/java.util.ArrayList.forEach(ArrayList.java:1541)
	at java.net.http/jdk.internal.net.http.HttpClientImpl$SelectorManager.run(HttpClientImpl.java:912)
... Removed 25 stack frames</div></td></tr></table><p class="totop"><a href="#summary">back to summary</a></p>
</body>
</html>
